17:46:33 **** Incremental Build of configuration Debug for project HTTP_example ****
make -j12 all 
arm-none-eabi-gcc "../Core/Src/main.c" -mcpu=cortex-m3 -std=gnu11 -g3 -DDEBUG -DUSE_HAL_DRIVER -DSTM32F103xB -c -I../Core/Inc -I../Drivers/STM32F1xx_HAL_Driver/Inc -I../Drivers/STM32F1xx_HAL_Driver/Inc/Legacy -I../Drivers/CMSIS/Device/ST/STM32F1xx/Include -I../Drivers/CMSIS/Include -O0 -ffunction-sections -fdata-sections -Wall -fstack-usage -fcyclomatic-complexity -MMD -MP -MF"Core/Src/main.d" -MT"Core/Src/main.o" --specs=nano.specs -mfloat-abi=soft -mthumb -o "Core/Src/main.o"
arm-none-eabi-gcc -o "HTTP_example.elf" @"objects.list"   -mcpu=cortex-m3 -T"C:\Users\SSAFY\Desktop\sub2\S10P12A104\KimYoungrae\workspace_1.14.0\HTTP_example\STM32F103RBTX_FLASH.ld" --specs=nosys.specs -Wl,-Map="HTTP_example.map" -Wl,--gc-sections -static --specs=nano.specs -mfloat-abi=soft -mthumb -Wl,--start-group -lc -lm -Wl,--end-group
C:/ST/STM32CubeIDE_1.14.0/STM32CubeIDE/plugins/com.st.stm32cube.ide.mcu.externaltools.gnu-tools-for-stm32.11.3.rel1.win32_1.1.100.202309141235/tools/bin/../lib/gcc/arm-none-eabi/11.3.1/../../../../arm-none-eabi/bin/ld.exe: ./Core/Src/usart.o:C:/Users/SSAFY/Desktop/sub2/S10P12A104/KimYoungrae/workspace_1.14.0/HTTP_example/Debug/../Core/Src/usart.c:27: multiple definition of `huart1'; ./Core/Src/main.o:C:/Users/SSAFY/Desktop/sub2/S10P12A104/KimYoungrae/workspace_1.14.0/HTTP_example/Debug/../Core/Src/main.c:31: first defined here
collect2.exe: error: ld returned 1 exit status
make: *** [makefile:64: HTTP_example.elf] Error 1
"make -j12 all" terminated with exit code 2. Build might be incomplete.

17:46:33 Build Failed. 2 errors, 0 warnings. (took 604ms)

